# JRE version: OpenJDK Runtime Environment JBR-17.0.7+7-1000.6-jcef (17.0.7+7) (build 17.0.7+7-b1000.6)
# Java VM: OpenJDK 64-Bit Server VM JBR-17.0.7+7-1000.6-jcef (17.0.7+7-b1000.6, mixed mode, tiered, compressed oops, compressed class ptrs, g1 gc, windows-amd64)
GC Precious Log:
 CPUs: 4 total, 4 available
 Memory: 8097M
 Large Page Support: Disabled
 NUMA Support: Disabled
 Compressed Oops: Enabled (32-bit)
 Heap Region Size: 1M
 Heap Min Capacity: 128M
 Heap Initial Capacity: 128M
 Heap Max Capacity: 2G
 Pre-touch: Disabled
 Parallel Workers: 4
 Concurrent Workers: 1
 Concurrent Refinement Workers: 4
 Periodic GC: Disabled
Heap:
 garbage-first heap   total 194560K, used 136704K [0x0000000080000000, 0x0000000100000000)
  region size 1024K, 4 young (4096K), 4 survivors (4096K)
 Metaspace       used 35885K, committed 36224K, reserved 1114112K
  class space    used 3912K, committed 4096K, reserved 1048576K
GC Heap History (17 events):
Event: 0.664 GC heap before
{Heap before GC invocations=0 (full 0):
 garbage-first heap   total 131072K, used 18432K [0x0000000080000000, 0x0000000100000000)
  region size 1024K, 13 young (13312K), 0 survivors (0K)
 Metaspace       used 11634K, committed 11776K, reserved 1114112K
  class space    used 1042K, committed 1088K, reserved 1048576K
}
Event: 0.667 GC heap after
{Heap after GC invocations=1 (full 0):
 garbage-first heap   total 131072K, used 9054K [0x0000000080000000, 0x0000000100000000)
  region size 1024K, 2 young (2048K), 2 survivors (2048K)
 Metaspace       used 11634K, committed 11776K, reserved 1114112K
  class space    used 1042K, committed 1088K, reserved 1048576K
}
Event: 1.213 GC heap before
{Heap before GC invocations=1 (full 0):
 garbage-first heap   total 131072K, used 24414K [0x0000000080000000, 0x0000000100000000)
  region size 1024K, 18 young (18432K), 2 survivors (2048K)
 Metaspace       used 19683K, committed 19968K, reserved 1114112K
  class space    used 1889K, committed 1984K, reserved 1048576K
}
Event: 1.219 GC heap after
{Heap after GC invocations=2 (full 0):
 garbage-first heap   total 131072K, used 10667K [0x0000000080000000, 0x0000000100000000)
  region size 1024K, 2 young (2048K), 2 survivors (2048K)
 Metaspace       used 19683K, committed 19968K, reserved 1114112K
  class space    used 1889K, committed 1984K, reserved 1048576K
}
Event: 1.300 GC heap before
{Heap before GC invocations=2 (full 0):
 garbage-first heap   total 131072K, used 15787K [0x0000000080000000, 0x0000000100000000)
  region size 1024K, 8 young (8192K), 2 survivors (2048K)
 Metaspace       used 21220K, committed 21504K, reserved 1114112K
  class space    used 2059K, committed 2240K, reserved 1048576K
}
Event: 1.303 GC heap after
{Heap after GC invocations=3 (full 0):
 garbage-first heap   total 131072K, used 11177K [0x0000000080000000, 0x0000000100000000)
  region size 1024K, 2 young (2048K), 2 survivors (2048K)
 Metaspace       used 21220K, committed 21504K, reserved 1114112K
  class space    used 2059K, committed 2240K, reserved 1048576K
}
Event: 3.110 GC heap before
{Heap before GC invocations=4 (full 0):
 garbage-first heap   total 194560K, used 181161K [0x0000000080000000, 0x0000000100000000)
  region size 1024K, 58 young (59392K), 2 survivors (2048K)
 Metaspace       used 35454K, committed 35840K, reserved 1114112K
  class space    used 3915K, committed 4096K, reserved 1048576K
}
Event: 3.133 GC heap after
{Heap after GC invocations=5 (full 0):
 garbage-first heap   total 194560K, used 52808K [0x0000000080000000, 0x0000000100000000)
  region size 1024K, 10 young (10240K), 10 survivors (10240K)
 Metaspace       used 35454K, committed 35840K, reserved 1114112K
  class space    used 3915K, committed 4096K, reserved 1048576K
}
Event: 3.141 GC heap before
{Heap before GC invocations=5 (full 0):
 garbage-first heap   total 194560K, used 53832K [0x0000000080000000, 0x0000000100000000)
  region size 1024K, 11 young (11264K), 10 survivors (10240K)
 Metaspace       used 35454K, committed 35840K, reserved 1114112K
  class space    used 3915K, committed 4096K, reserved 1048576K
}
Event: 3.159 GC heap after
{Heap after GC invocations=6 (full 0):
 garbage-first heap   total 194560K, used 54533K [0x0000000080000000, 0x0000000100000000)
  region size 1024K, 2 young (2048K), 2 survivors (2048K)
 Metaspace       used 35454K, committed 35840K, reserved 1114112K
  class space    used 3915K, committed 4096K, reserved 1048576K
}
Event: 4.315 GC heap before
{Heap before GC invocations=6 (full 0):
 garbage-first heap   total 194560K, used 150789K [0x0000000080000000, 0x0000000100000000)
  region size 1024K, 88 young (90112K), 2 survivors (2048K)
 Metaspace       used 35885K, committed 36160K, reserved 1114112K
  class space    used 3916K, committed 4096K, reserved 1048576K
}
Event: 4.364 GC heap after
{Heap after GC invocations=7 (full 0):
 garbage-first heap   total 194560K, used 99685K [0x0000000080000000, 0x0000000100000000)
  region size 1024K, 11 young (11264K), 11 survivors (11264K)
 Metaspace       used 35885K, committed 36160K, reserved 1114112K
  class space    used 3916K, committed 4096K, reserved 1048576K
}
Event: 4.674 GC heap before
{Heap before GC invocations=7 (full 0):
 garbage-first heap   total 194560K, used 120165K [0x0000000080000000, 0x0000000100000000)
  region size 1024K, 31 young (31744K), 11 survivors (11264K)
 Metaspace       used 35892K, committed 36160K, reserved 1114112K
  class space    used 3916K, committed 4096K, reserved 1048576K
}
Event: 4.739 GC heap after
{Heap after GC invocations=8 (full 0):
 garbage-first heap   total 194560K, used 110592K [0x0000000080000000, 0x0000000100000000)
  region size 1024K, 4 young (4096K), 4 survivors (4096K)
 Metaspace       used 35892K, committed 36160K, reserved 1114112K
  class space    used 3916K, committed 4096K, reserved 1048576K
}
Event: 5.518 GC heap before
{Heap before GC invocations=9 (full 0):
 garbage-first heap   total 194560K, used 143360K [0x0000000080000000, 0x0000000100000000)
  region size 1024K, 36 young (36864K), 4 survivors (4096K)
 Metaspace       used 35874K, committed 36160K, reserved 1114112K
  class space    used 3911K, committed 4096K, reserved 1048576K
}
Event: 5.552 GC heap after
{Heap after GC invocations=10 (full 0):
 garbage-first heap   total 194560K, used 124928K [0x0000000080000000, 0x0000000100000000)
  region size 1024K, 5 young (5120K), 5 survivors (5120K)
 Metaspace       used 35874K, committed 36160K, reserved 1114112K
  class space    used 3911K, committed 4096K, reserved 1048576K
}
Event: 6.706 GC heap before
{Heap before GC invocations=10 (full 0):
 garbage-first heap   total 194560K, used 149504K [0x0000000080000000, 0x0000000100000000)
  region size 1024K, 29 young (29696K), 5 survivors (5120K)
 Metaspace       used 35885K, committed 36224K, reserved 1114112K
  class space    used 3912K, committed 4096K, reserved 1048576K
}

